---------------------------------------------------------------
[ 2018-05-19T17:04:28+08:00 ] 117.136.0.229 GET /zerg/public/index.php/api/v1/banner/1
[ info ] weapp.wample.cn/zerg/public/index.php/api/v1/banner/1 [运行时间：0.040049s][吞吐率：24.97req/s] [内存消耗：3,263.70kb] [文件加载：45]
[ sql ] [ DB ] CONNECT:[ UseTime:0.007201s ] mysql:host=101.201.232.185;port=3306;dbname=zerg;charset=utf8
[ sql ] [ SQL ] SHOW COLUMNS FROM `banner` [ RunTime:0.001945s ]
[ sql ] [ SQL ] SELECT * FROM `banner` WHERE  `id` = 1 LIMIT 1 [ RunTime:0.000456s ]
---------------------------------------------------------------
[ 2018-05-19T17:32:56+08:00 ] 117.136.0.229 GET /zerg/public/index.php/api/v1/banner/1
[ info ] weapp.wample.cn/zerg/public/index.php/api/v1/banner/1 [运行时间：0.044176s][吞吐率：22.64req/s] [内存消耗：3,264.71kb] [文件加载：45]
[ sql ] [ DB ] CONNECT:[ UseTime:0.011284s ] mysql:host=101.201.232.185;port=3306;dbname=zerg;charset=utf8
[ sql ] [ SQL ] SHOW COLUMNS FROM `banner` [ RunTime:0.001899s ]
[ sql ] [ SQL ] SELECT * FROM `banner` WHERE  `id` = 1 LIMIT 1 [ RunTime:0.000442s ]
---------------------------------------------------------------
[ 2018-05-19T17:42:33+08:00 ] 117.136.0.229 GET /zerg/public/index.php/api/v1/banner/1
[ info ] weapp.wample.cn/zerg/public/index.php/api/v1/banner/1 [运行时间：0.032417s][吞吐率：30.85req/s] [内存消耗：3,264.66kb] [文件加载：45]
[ sql ] [ DB ] CONNECT:[ UseTime:0.000759s ] mysql:host=101.201.232.185;port=3306;dbname=zerg;charset=utf8
[ sql ] [ SQL ] SHOW COLUMNS FROM `banner` [ RunTime:0.001495s ]
[ sql ] [ SQL ] SELECT * FROM `banner` WHERE  `id` = 1 LIMIT 1 [ RunTime:0.000466s ]
---------------------------------------------------------------
[ 2018-05-19T17:45:30+08:00 ] 117.136.0.229 GET /zerg/public/index.php/api/v1/banner/1
[ info ] weapp.wample.cn/zerg/public/index.php/api/v1/banner/1 [运行时间：0.030811s][吞吐率：32.46req/s] [内存消耗：3,264.99kb] [文件加载：45]
[ sql ] [ DB ] CONNECT:[ UseTime:0.000811s ] mysql:host=101.201.232.185;port=3306;dbname=zerg;charset=utf8
[ sql ] [ SQL ] SHOW COLUMNS FROM `banner` [ RunTime:0.000898s ]
[ sql ] [ SQL ] SELECT * FROM `banner` WHERE  `id` = 1 LIMIT 1 [ RunTime:0.000459s ]
---------------------------------------------------------------
[ 2018-05-19T17:45:31+08:00 ] 117.136.0.229 GET /zerg/public/index.php/api/v1/banner/1
[ info ] weapp.wample.cn/zerg/public/index.php/api/v1/banner/1 [运行时间：0.031095s][吞吐率：32.16req/s] [内存消耗：3,264.99kb] [文件加载：45]
[ sql ] [ DB ] CONNECT:[ UseTime:0.000739s ] mysql:host=101.201.232.185;port=3306;dbname=zerg;charset=utf8
[ sql ] [ SQL ] SHOW COLUMNS FROM `banner` [ RunTime:0.000999s ]
[ sql ] [ SQL ] SELECT * FROM `banner` WHERE  `id` = 1 LIMIT 1 [ RunTime:0.000458s ]
---------------------------------------------------------------
[ 2018-05-19T17:48:28+08:00 ] 117.136.0.229 GET /zerg/public/index.php/api/v1/banner/1
[ info ] weapp.wample.cn/zerg/public/index.php/api/v1/banner/1 [运行时间：0.033777s][吞吐率：29.61req/s] [内存消耗：3,395.07kb] [文件加载：48]
[ sql ] [ DB ] CONNECT:[ UseTime:0.000820s ] mysql:host=101.201.232.185;port=3306;dbname=zerg;charset=utf8
[ sql ] [ SQL ] SHOW COLUMNS FROM `banner` [ RunTime:0.000886s ]
[ sql ] [ SQL ] SELECT * FROM `banner` WHERE  `id` = 1 LIMIT 1 [ RunTime:0.000502s ]
[ sql ] [ SQL ] SHOW COLUMNS FROM `banner_item` [ RunTime:0.000759s ]
[ sql ] [ SQL ] SELECT * FROM `banner_item` WHERE  `banner_id` = 1 [ RunTime:0.000499s ]
---------------------------------------------------------------
[ 2018-05-19T17:48:41+08:00 ] 117.136.0.229 GET /zerg/public/index.php/api/v1/banner/1
[ info ] weapp.wample.cn/zerg/public/index.php/api/v1/banner/1 [运行时间：0.033085s][吞吐率：30.23req/s] [内存消耗：3,394.45kb] [文件加载：48]
[ sql ] [ DB ] CONNECT:[ UseTime:0.000828s ] mysql:host=101.201.232.185;port=3306;dbname=zerg;charset=utf8
[ sql ] [ SQL ] SHOW COLUMNS FROM `banner` [ RunTime:0.000890s ]
[ sql ] [ SQL ] SELECT * FROM `banner` WHERE  `id` = 1 LIMIT 1 [ RunTime:0.000434s ]
[ sql ] [ SQL ] SHOW COLUMNS FROM `banner_item` [ RunTime:0.000753s ]
[ sql ] [ SQL ] SELECT * FROM `banner_item` WHERE  `banner_id` = 1 [ RunTime:0.000657s ]
---------------------------------------------------------------
[ 2018-05-19T19:17:21+08:00 ] 117.136.0.229 GET /zerg/public/index.php/api/v1/banner/1
[ info ] weapp.wample.cn/zerg/public/index.php/api/v1/banner/1 [运行时间：0.045289s][吞吐率：22.08req/s] [内存消耗：3,552.73kb] [文件加载：51]
[ sql ] [ DB ] CONNECT:[ UseTime:0.003833s ] mysql:host=101.201.232.185;port=3306;dbname=zerg;charset=utf8
[ sql ] [ SQL ] SHOW COLUMNS FROM `banner` [ RunTime:0.002142s ]
[ sql ] [ SQL ] SELECT * FROM `banner` WHERE  `id` = 1 LIMIT 1 [ RunTime:0.000456s ]
[ sql ] [ SQL ] SHOW COLUMNS FROM `banner_item` [ RunTime:0.000736s ]
[ sql ] [ SQL ] SELECT * FROM `banner_item` WHERE  `banner_id` = 1 [ RunTime:0.000415s ]
[ sql ] [ SQL ] SELECT * FROM `banner_item` WHERE  `banner_id` = 1 [ RunTime:0.000441s ]
[ sql ] [ SQL ] SHOW COLUMNS FROM `image` [ RunTime:0.000738s ]
[ sql ] [ SQL ] SELECT * FROM `image` WHERE  `id` IN (65,2,3,1) [ RunTime:0.001331s ]
---------------------------------------------------------------
[ 2018-05-19T19:17:26+08:00 ] 117.136.0.229 GET /zerg/public/index.php/api/v1/banner/1
[ info ] weapp.wample.cn/zerg/public/index.php/api/v1/banner/1 [运行时间：0.039357s][吞吐率：25.41req/s] [内存消耗：3,551.79kb] [文件加载：51]
[ sql ] [ DB ] CONNECT:[ UseTime:0.000821s ] mysql:host=101.201.232.185;port=3306;dbname=zerg;charset=utf8
[ sql ] [ SQL ] SHOW COLUMNS FROM `banner` [ RunTime:0.000919s ]
[ sql ] [ SQL ] SELECT * FROM `banner` WHERE  `id` = 1 LIMIT 1 [ RunTime:0.000463s ]
[ sql ] [ SQL ] SHOW COLUMNS FROM `banner_item` [ RunTime:0.000734s ]
[ sql ] [ SQL ] SELECT * FROM `banner_item` WHERE  `banner_id` = 1 [ RunTime:0.000467s ]
[ sql ] [ SQL ] SELECT * FROM `banner_item` WHERE  `banner_id` = 1 [ RunTime:0.000427s ]
[ sql ] [ SQL ] SHOW COLUMNS FROM `image` [ RunTime:0.000869s ]
[ sql ] [ SQL ] SELECT * FROM `image` WHERE  `id` IN (65,2,3,1) [ RunTime:0.000444s ]
---------------------------------------------------------------
[ 2018-05-19T19:24:57+08:00 ] 117.136.0.229 GET /zerg/public/index.php/api/v1/banner/1
[ info ] weapp.wample.cn/zerg/public/index.php/api/v1/banner/1 [运行时间：0.039104s][吞吐率：25.57req/s] [内存消耗：3,550.08kb] [文件加载：51]
[ sql ] [ DB ] CONNECT:[ UseTime:0.000722s ] mysql:host=101.201.232.185;port=3306;dbname=zerg;charset=utf8
[ sql ] [ SQL ] SHOW COLUMNS FROM `banner` [ RunTime:0.000899s ]
[ sql ] [ SQL ] SELECT * FROM `banner` WHERE  `id` = 1 LIMIT 1 [ RunTime:0.000448s ]
[ sql ] [ SQL ] SHOW COLUMNS FROM `banner_item` [ RunTime:0.000752s ]
[ sql ] [ SQL ] SELECT * FROM `banner_item` WHERE  `banner_id` = 1 [ RunTime:0.000422s ]
[ sql ] [ SQL ] SELECT * FROM `banner_item` WHERE  `banner_id` = 1 [ RunTime:0.000410s ]
[ sql ] [ SQL ] SHOW COLUMNS FROM `image` [ RunTime:0.000696s ]
[ sql ] [ SQL ] SELECT * FROM `image` WHERE  `id` IN (65,2,3,1) [ RunTime:0.000399s ]
---------------------------------------------------------------
[ 2018-05-19T19:25:31+08:00 ] 117.136.0.229 GET /zerg/public/index.php/api/v1/banner/1
[ info ] weapp.wample.cn/zerg/public/index.php/api/v1/banner/1 [运行时间：0.036988s][吞吐率：27.04req/s] [内存消耗：3,550.08kb] [文件加载：51]
[ sql ] [ DB ] CONNECT:[ UseTime:0.000780s ] mysql:host=101.201.232.185;port=3306;dbname=zerg;charset=utf8
[ sql ] [ SQL ] SHOW COLUMNS FROM `banner` [ RunTime:0.000885s ]
[ sql ] [ SQL ] SELECT * FROM `banner` WHERE  `id` = 1 LIMIT 1 [ RunTime:0.000435s ]
[ sql ] [ SQL ] SHOW COLUMNS FROM `banner_item` [ RunTime:0.000702s ]
[ sql ] [ SQL ] SELECT * FROM `banner_item` WHERE  `banner_id` = 1 [ RunTime:0.000425s ]
[ sql ] [ SQL ] SELECT * FROM `banner_item` WHERE  `banner_id` = 1 [ RunTime:0.000404s ]
[ sql ] [ SQL ] SHOW COLUMNS FROM `image` [ RunTime:0.000718s ]
[ sql ] [ SQL ] SELECT * FROM `image` WHERE  `id` IN (65,2,3,1) [ RunTime:0.000406s ]
---------------------------------------------------------------
[ 2018-05-19T19:25:54+08:00 ] 117.136.0.229 GET /zerg/public/index.php/api/v1/banner/1
[ info ] weapp.wample.cn/zerg/public/index.php/api/v1/banner/1 [运行时间：0.031702s][吞吐率：31.54req/s] [内存消耗：3,550.08kb] [文件加载：51]
[ sql ] [ DB ] CONNECT:[ UseTime:0.000680s ] mysql:host=101.201.232.185;port=3306;dbname=zerg;charset=utf8
[ sql ] [ SQL ] SHOW COLUMNS FROM `banner` [ RunTime:0.000877s ]
[ sql ] [ SQL ] SELECT * FROM `banner` WHERE  `id` = 1 LIMIT 1 [ RunTime:0.000452s ]
[ sql ] [ SQL ] SHOW COLUMNS FROM `banner_item` [ RunTime:0.000745s ]
[ sql ] [ SQL ] SELECT * FROM `banner_item` WHERE  `banner_id` = 1 [ RunTime:0.000405s ]
[ sql ] [ SQL ] SELECT * FROM `banner_item` WHERE  `banner_id` = 1 [ RunTime:0.000416s ]
[ sql ] [ SQL ] SHOW COLUMNS FROM `image` [ RunTime:0.000707s ]
[ sql ] [ SQL ] SELECT * FROM `image` WHERE  `id` IN (65,2,3,1) [ RunTime:0.000418s ]
---------------------------------------------------------------
[ 2018-05-19T19:36:35+08:00 ] 117.136.0.229 GET /zerg/public/index.php/api/v1/banner/1
[ info ] weapp.wample.cn/zerg/public/index.php/api/v1/banner/1 [运行时间：0.039520s][吞吐率：25.30req/s] [内存消耗：3,550.50kb] [文件加载：51]
[ sql ] [ DB ] CONNECT:[ UseTime:0.000759s ] mysql:host=101.201.232.185;port=3306;dbname=zerg;charset=utf8
[ sql ] [ SQL ] SHOW COLUMNS FROM `banner` [ RunTime:0.000883s ]
[ sql ] [ SQL ] SELECT * FROM `banner` WHERE  `id` = 1 LIMIT 1 [ RunTime:0.000461s ]
[ sql ] [ SQL ] SHOW COLUMNS FROM `banner_item` [ RunTime:0.000745s ]
[ sql ] [ SQL ] SELECT * FROM `banner_item` WHERE  `banner_id` = 1 [ RunTime:0.000433s ]
[ sql ] [ SQL ] SELECT * FROM `banner_item` WHERE  `banner_id` = 1 [ RunTime:0.000439s ]
[ sql ] [ SQL ] SHOW COLUMNS FROM `image` [ RunTime:0.000733s ]
[ sql ] [ SQL ] SELECT * FROM `image` WHERE  `id` IN (65,2,3,1) [ RunTime:0.000542s ]
---------------------------------------------------------------
[ 2018-05-19T19:39:09+08:00 ] 117.136.0.229 GET /zerg/public/index.php/api/v1/banner/1
[ info ] weapp.wample.cn/zerg/public/index.php/api/v1/banner/1 [运行时间：0.037449s][吞吐率：26.70req/s] [内存消耗：3,551.13kb] [文件加载：51]
[ sql ] [ DB ] CONNECT:[ UseTime:0.000735s ] mysql:host=101.201.232.185;port=3306;dbname=zerg;charset=utf8
[ sql ] [ SQL ] SHOW COLUMNS FROM `banner` [ RunTime:0.000911s ]
[ sql ] [ SQL ] SELECT * FROM `banner` WHERE  `id` = 1 LIMIT 1 [ RunTime:0.000486s ]
[ sql ] [ SQL ] SHOW COLUMNS FROM `banner_item` [ RunTime:0.000744s ]
[ sql ] [ SQL ] SELECT * FROM `banner_item` WHERE  `banner_id` = 1 [ RunTime:0.000424s ]
[ sql ] [ SQL ] SELECT * FROM `banner_item` WHERE  `banner_id` = 1 [ RunTime:0.000422s ]
[ sql ] [ SQL ] SHOW COLUMNS FROM `image` [ RunTime:0.000711s ]
[ sql ] [ SQL ] SELECT * FROM `image` WHERE  `id` IN (65,2,3,1) [ RunTime:0.000434s ]
---------------------------------------------------------------
[ 2018-05-19T19:39:22+08:00 ] 117.136.0.229 GET /zerg/public/index.php/api/v1/banner/1
[ info ] weapp.wample.cn/zerg/public/index.php/api/v1/banner/1 [运行时间：0.038011s][吞吐率：26.31req/s] [内存消耗：3,550.50kb] [文件加载：51]
[ sql ] [ DB ] CONNECT:[ UseTime:0.000745s ] mysql:host=101.201.232.185;port=3306;dbname=zerg;charset=utf8
[ sql ] [ SQL ] SHOW COLUMNS FROM `banner` [ RunTime:0.000904s ]
[ sql ] [ SQL ] SELECT * FROM `banner` WHERE  `id` = 1 LIMIT 1 [ RunTime:0.000467s ]
[ sql ] [ SQL ] SHOW COLUMNS FROM `banner_item` [ RunTime:0.000696s ]
[ sql ] [ SQL ] SELECT * FROM `banner_item` WHERE  `banner_id` = 1 [ RunTime:0.000427s ]
[ sql ] [ SQL ] SELECT * FROM `banner_item` WHERE  `banner_id` = 1 [ RunTime:0.000453s ]
[ sql ] [ SQL ] SHOW COLUMNS FROM `image` [ RunTime:0.000700s ]
[ sql ] [ SQL ] SELECT * FROM `image` WHERE  `id` IN (65,2,3,1) [ RunTime:0.000431s ]
---------------------------------------------------------------
[ 2018-05-19T19:42:18+08:00 ] 117.136.0.229 GET /zerg/public/index.php/api/v1/banner/1
[ info ] weapp.wample.cn/zerg/public/index.php/api/v1/banner/1 [运行时间：0.037888s][吞吐率：26.39req/s] [内存消耗：3,551.18kb] [文件加载：51]
[ sql ] [ DB ] CONNECT:[ UseTime:0.000784s ] mysql:host=101.201.232.185;port=3306;dbname=zerg;charset=utf8
[ sql ] [ SQL ] SHOW COLUMNS FROM `banner` [ RunTime:0.000906s ]
[ sql ] [ SQL ] SELECT * FROM `banner` WHERE  `id` = 1 LIMIT 1 [ RunTime:0.000459s ]
[ sql ] [ SQL ] SHOW COLUMNS FROM `banner_item` [ RunTime:0.000714s ]
[ sql ] [ SQL ] SELECT * FROM `banner_item` WHERE  `banner_id` = 1 [ RunTime:0.000436s ]
[ sql ] [ SQL ] SELECT * FROM `banner_item` WHERE  `banner_id` = 1 [ RunTime:0.000427s ]
[ sql ] [ SQL ] SHOW COLUMNS FROM `image` [ RunTime:0.000726s ]
[ sql ] [ SQL ] SELECT * FROM `image` WHERE  `id` IN (65,2,3,1) [ RunTime:0.000414s ]
---------------------------------------------------------------
[ 2018-05-19T19:42:45+08:00 ] 117.136.0.229 GET /zerg/public/index.php/api/v1/banner/1
[ info ] weapp.wample.cn/zerg/public/index.php/api/v1/banner/1 [运行时间：0.039310s][吞吐率：25.44req/s] [内存消耗：3,551.13kb] [文件加载：51]
[ sql ] [ DB ] CONNECT:[ UseTime:0.000739s ] mysql:host=101.201.232.185;port=3306;dbname=zerg;charset=utf8
[ sql ] [ SQL ] SHOW COLUMNS FROM `banner` [ RunTime:0.000879s ]
[ sql ] [ SQL ] SELECT * FROM `banner` WHERE  `id` = 1 LIMIT 1 [ RunTime:0.000470s ]
[ sql ] [ SQL ] SHOW COLUMNS FROM `banner_item` [ RunTime:0.000753s ]
[ sql ] [ SQL ] SELECT * FROM `banner_item` WHERE  `banner_id` = 1 [ RunTime:0.000413s ]
[ sql ] [ SQL ] SELECT * FROM `banner_item` WHERE  `banner_id` = 1 [ RunTime:0.000429s ]
[ sql ] [ SQL ] SHOW COLUMNS FROM `image` [ RunTime:0.000829s ]
[ sql ] [ SQL ] SELECT * FROM `image` WHERE  `id` IN (65,2,3,1) [ RunTime:0.000447s ]
---------------------------------------------------------------
[ 2018-05-19T19:42:50+08:00 ] 117.136.0.229 GET /zerg/public/index.php/api/v1/banner/1
[ info ] weapp.wample.cn/zerg/public/index.php/api/v1/banner/1 [运行时间：0.037300s][吞吐率：26.81req/s] [内存消耗：3,550.50kb] [文件加载：51]
[ sql ] [ DB ] CONNECT:[ UseTime:0.000729s ] mysql:host=101.201.232.185;port=3306;dbname=zerg;charset=utf8
[ sql ] [ SQL ] SHOW COLUMNS FROM `banner` [ RunTime:0.000882s ]
[ sql ] [ SQL ] SELECT * FROM `banner` WHERE  `id` = 1 LIMIT 1 [ RunTime:0.000455s ]
[ sql ] [ SQL ] SHOW COLUMNS FROM `banner_item` [ RunTime:0.000753s ]
[ sql ] [ SQL ] SELECT * FROM `banner_item` WHERE  `banner_id` = 1 [ RunTime:0.000414s ]
[ sql ] [ SQL ] SELECT * FROM `banner_item` WHERE  `banner_id` = 1 [ RunTime:0.000414s ]
[ sql ] [ SQL ] SHOW COLUMNS FROM `image` [ RunTime:0.000857s ]
[ sql ] [ SQL ] SELECT * FROM `image` WHERE  `id` IN (65,2,3,1) [ RunTime:0.000428s ]
---------------------------------------------------------------
[ 2018-05-19T19:44:00+08:00 ] 117.136.0.229 GET /zerg/public/index.php/api/v1/banner/1
[ info ] weapp.wample.cn/zerg/public/index.php/api/v1/banner/1 [运行时间：0.038269s][吞吐率：26.13req/s] [内存消耗：3,550.08kb] [文件加载：51]
[ sql ] [ DB ] CONNECT:[ UseTime:0.000972s ] mysql:host=101.201.232.185;port=3306;dbname=zerg;charset=utf8
[ sql ] [ SQL ] SHOW COLUMNS FROM `banner` [ RunTime:0.000889s ]
[ sql ] [ SQL ] SELECT * FROM `banner` WHERE  `id` = 1 LIMIT 1 [ RunTime:0.000605s ]
[ sql ] [ SQL ] SHOW COLUMNS FROM `banner_item` [ RunTime:0.000876s ]
[ sql ] [ SQL ] SELECT * FROM `banner_item` WHERE  `banner_id` = 1 [ RunTime:0.000503s ]
[ sql ] [ SQL ] SELECT * FROM `banner_item` WHERE  `banner_id` = 1 [ RunTime:0.000435s ]
[ sql ] [ SQL ] SHOW COLUMNS FROM `image` [ RunTime:0.000721s ]
[ sql ] [ SQL ] SELECT * FROM `image` WHERE  `id` IN (65,2,3,1) [ RunTime:0.000560s ]
---------------------------------------------------------------
[ 2018-05-19T19:46:32+08:00 ] 117.136.0.229 GET /zerg/public/index.php/api/v1/banner/1
[ info ] weapp.wample.cn/zerg/public/index.php/api/v1/banner/1 [运行时间：0.038505s][吞吐率：25.97req/s] [内存消耗：3,550.29kb] [文件加载：51]
[ sql ] [ DB ] CONNECT:[ UseTime:0.000856s ] mysql:host=101.201.232.185;port=3306;dbname=zerg;charset=utf8
[ sql ] [ SQL ] SHOW COLUMNS FROM `banner` [ RunTime:0.000919s ]
[ sql ] [ SQL ] SELECT * FROM `banner` WHERE  `id` = 1 LIMIT 1 [ RunTime:0.000465s ]
[ sql ] [ SQL ] SHOW COLUMNS FROM `banner_item` [ RunTime:0.000755s ]
[ sql ] [ SQL ] SELECT * FROM `banner_item` WHERE  `banner_id` = 1 [ RunTime:0.000432s ]
[ sql ] [ SQL ] SELECT * FROM `banner_item` WHERE  `banner_id` = 1 [ RunTime:0.000428s ]
[ sql ] [ SQL ] SHOW COLUMNS FROM `image` [ RunTime:0.000747s ]
[ sql ] [ SQL ] SELECT * FROM `image` WHERE  `id` IN (65,2,3,1) [ RunTime:0.000464s ]
---------------------------------------------------------------
[ 2018-05-19T19:47:13+08:00 ] 117.136.0.229 GET /zerg/public/index.php/api/v1/banner/1
[ info ] weapp.wample.cn/zerg/public/index.php/api/v1/banner/1 [运行时间：0.037691s][吞吐率：26.53req/s] [内存消耗：3,550.55kb] [文件加载：51]
[ sql ] [ DB ] CONNECT:[ UseTime:0.000860s ] mysql:host=101.201.232.185;port=3306;dbname=zerg;charset=utf8
[ sql ] [ SQL ] SHOW COLUMNS FROM `banner` [ RunTime:0.000966s ]
[ sql ] [ SQL ] SELECT * FROM `banner` WHERE  `id` = 1 LIMIT 1 [ RunTime:0.000440s ]
[ sql ] [ SQL ] SHOW COLUMNS FROM `banner_item` [ RunTime:0.000729s ]
[ sql ] [ SQL ] SELECT * FROM `banner_item` WHERE  `banner_id` = 1 [ RunTime:0.000453s ]
[ sql ] [ SQL ] SELECT * FROM `banner_item` WHERE  `banner_id` = 1 [ RunTime:0.000434s ]
[ sql ] [ SQL ] SHOW COLUMNS FROM `image` [ RunTime:0.000735s ]
[ sql ] [ SQL ] SELECT * FROM `image` WHERE  `id` IN (65,2,3,1) [ RunTime:0.000414s ]
---------------------------------------------------------------
[ 2018-05-19T19:48:15+08:00 ] 117.136.0.229 GET /zerg/public/index.php/api/v1/banner/1
[ info ] weapp.wample.cn/zerg/public/index.php/api/v1/banner/1 [运行时间：0.036987s][吞吐率：27.04req/s] [内存消耗：3,549.28kb] [文件加载：51]
[ sql ] [ DB ] CONNECT:[ UseTime:0.000729s ] mysql:host=101.201.232.185;port=3306;dbname=zerg;charset=utf8
[ sql ] [ SQL ] SHOW COLUMNS FROM `banner` [ RunTime:0.000892s ]
[ sql ] [ SQL ] SELECT * FROM `banner` WHERE  `id` = 1 LIMIT 1 [ RunTime:0.000509s ]
[ sql ] [ SQL ] SHOW COLUMNS FROM `banner_item` [ RunTime:0.000757s ]
[ sql ] [ SQL ] SELECT * FROM `banner_item` WHERE  `banner_id` = 1 [ RunTime:0.000418s ]
[ sql ] [ SQL ] SELECT * FROM `banner_item` WHERE  `banner_id` = 1 [ RunTime:0.000418s ]
[ sql ] [ SQL ] SHOW COLUMNS FROM `image` [ RunTime:0.000711s ]
[ sql ] [ SQL ] SELECT * FROM `image` WHERE  `id` IN (65,2,3,1) [ RunTime:0.000416s ]
---------------------------------------------------------------
[ 2018-05-19T19:48:44+08:00 ] 117.136.0.229 GET /zerg/public/index.php/api/v1/banner/1
[ info ] weapp.wample.cn/zerg/public/index.php/api/v1/banner/1 [运行时间：0.037650s][吞吐率：26.56req/s] [内存消耗：3,550.55kb] [文件加载：51]
[ sql ] [ DB ] CONNECT:[ UseTime:0.000733s ] mysql:host=101.201.232.185;port=3306;dbname=zerg;charset=utf8
[ sql ] [ SQL ] SHOW COLUMNS FROM `banner` [ RunTime:0.000900s ]
[ sql ] [ SQL ] SELECT * FROM `banner` WHERE  `id` = 1 LIMIT 1 [ RunTime:0.000638s ]
[ sql ] [ SQL ] SHOW COLUMNS FROM `banner_item` [ RunTime:0.000774s ]
[ sql ] [ SQL ] SELECT * FROM `banner_item` WHERE  `banner_id` = 1 [ RunTime:0.000415s ]
[ sql ] [ SQL ] SELECT * FROM `banner_item` WHERE  `banner_id` = 1 [ RunTime:0.000429s ]
[ sql ] [ SQL ] SHOW COLUMNS FROM `image` [ RunTime:0.000700s ]
[ sql ] [ SQL ] SELECT * FROM `image` WHERE  `id` IN (65,2,3,1) [ RunTime:0.000495s ]
---------------------------------------------------------------
[ 2018-05-19T19:53:13+08:00 ] 117.136.0.229 GET /zerg/public/index.php/api/v1/banner/1
[ info ] weapp.wample.cn/zerg/public/index.php/api/v1/banner/1 [运行时间：0.036437s][吞吐率：27.44req/s] [内存消耗：3,550.52kb] [文件加载：51]
[ sql ] [ DB ] CONNECT:[ UseTime:0.000768s ] mysql:host=101.201.232.185;port=3306;dbname=zerg;charset=utf8
[ sql ] [ SQL ] SHOW COLUMNS FROM `banner` [ RunTime:0.000868s ]
[ sql ] [ SQL ] SELECT * FROM `banner` WHERE  `id` = 1 LIMIT 1 [ RunTime:0.000438s ]
[ sql ] [ SQL ] SHOW COLUMNS FROM `banner_item` [ RunTime:0.000730s ]
[ sql ] [ SQL ] SELECT * FROM `banner_item` WHERE  `banner_id` = 1 [ RunTime:0.000411s ]
[ sql ] [ SQL ] SELECT * FROM `banner_item` WHERE  `banner_id` = 1 [ RunTime:0.000415s ]
[ sql ] [ SQL ] SHOW COLUMNS FROM `image` [ RunTime:0.000691s ]
[ sql ] [ SQL ] SELECT * FROM `image` WHERE  `id` IN (65,2,3,1) [ RunTime:0.000418s ]
---------------------------------------------------------------
[ 2018-05-19T19:53:51+08:00 ] 117.136.0.229 GET /zerg/public/index.php/api/v1/banner/1
[ info ] weapp.wample.cn/zerg/public/index.php/api/v1/banner/1 [运行时间：0.037497s][吞吐率：26.67req/s] [内存消耗：3,550.93kb] [文件加载：51]
[ sql ] [ DB ] CONNECT:[ UseTime:0.000738s ] mysql:host=101.201.232.185;port=3306;dbname=zerg;charset=utf8
[ sql ] [ SQL ] SHOW COLUMNS FROM `banner` [ RunTime:0.000899s ]
[ sql ] [ SQL ] SELECT * FROM `banner` WHERE  `id` = 1 LIMIT 1 [ RunTime:0.000436s ]
[ sql ] [ SQL ] SHOW COLUMNS FROM `banner_item` [ RunTime:0.000762s ]
[ sql ] [ SQL ] SELECT * FROM `banner_item` WHERE  `banner_id` = 1 [ RunTime:0.000402s ]
[ sql ] [ SQL ] SELECT * FROM `banner_item` WHERE  `banner_id` = 1 [ RunTime:0.000437s ]
[ sql ] [ SQL ] SHOW COLUMNS FROM `image` [ RunTime:0.000716s ]
[ sql ] [ SQL ] SELECT * FROM `image` WHERE  `id` IN (65,2,3,1) [ RunTime:0.000532s ]
---------------------------------------------------------------
[ 2018-05-19T19:55:32+08:00 ] 117.136.0.229 GET /zerg/public/index.php/api/v1/banner/1
[ info ] weapp.wample.cn/zerg/public/index.php/api/v1/banner/1 [运行时间：0.038178s][吞吐率：26.19req/s] [内存消耗：3,550.98kb] [文件加载：51]
[ sql ] [ DB ] CONNECT:[ UseTime:0.000727s ] mysql:host=101.201.232.185;port=3306;dbname=zerg;charset=utf8
[ sql ] [ SQL ] SHOW COLUMNS FROM `banner` [ RunTime:0.000898s ]
[ sql ] [ SQL ] SELECT * FROM `banner` WHERE  `id` = 1 LIMIT 1 [ RunTime:0.000457s ]
[ sql ] [ SQL ] SHOW COLUMNS FROM `banner_item` [ RunTime:0.000725s ]
[ sql ] [ SQL ] SELECT * FROM `banner_item` WHERE  `banner_id` = 1 [ RunTime:0.000497s ]
[ sql ] [ SQL ] SELECT * FROM `banner_item` WHERE  `banner_id` = 1 [ RunTime:0.000431s ]
[ sql ] [ SQL ] SHOW COLUMNS FROM `image` [ RunTime:0.000735s ]
[ sql ] [ SQL ] SELECT * FROM `image` WHERE  `id` IN (65,2,3,1) [ RunTime:0.000421s ]
---------------------------------------------------------------
[ 2018-05-19T19:58:06+08:00 ] 117.136.0.229 GET /zerg/public/index.php/api/v1/banner/1
[ info ] weapp.wample.cn/zerg/public/index.php/api/v1/banner/1 [运行时间：0.037455s][吞吐率：26.70req/s] [内存消耗：3,552.61kb] [文件加载：51]
[ sql ] [ DB ] CONNECT:[ UseTime:0.000794s ] mysql:host=101.201.232.185;port=3306;dbname=zerg;charset=utf8
[ sql ] [ SQL ] SHOW COLUMNS FROM `banner` [ RunTime:0.000918s ]
[ sql ] [ SQL ] SELECT * FROM `banner` WHERE  `id` = 1 LIMIT 1 [ RunTime:0.000468s ]
[ sql ] [ SQL ] SHOW COLUMNS FROM `banner_item` [ RunTime:0.000726s ]
[ sql ] [ SQL ] SELECT * FROM `banner_item` WHERE  `banner_id` = 1 [ RunTime:0.000424s ]
[ sql ] [ SQL ] SELECT * FROM `banner_item` WHERE  `banner_id` = 1 [ RunTime:0.000425s ]
[ sql ] [ SQL ] SHOW COLUMNS FROM `image` [ RunTime:0.000743s ]
[ sql ] [ SQL ] SELECT * FROM `image` WHERE  `id` IN (65,2,3,1) [ RunTime:0.000432s ]
---------------------------------------------------------------
[ 2018-05-19T20:24:31+08:00 ] 117.136.0.229 GET /zerg/public/index.php/api/v1/banner/1
[ info ] weapp.wample.cn/zerg/public/index.php/api/v1/banner/1 [运行时间：0.038854s][吞吐率：25.74req/s] [内存消耗：3,555.07kb] [文件加载：52]
[ sql ] [ DB ] CONNECT:[ UseTime:0.000713s ] mysql:host=101.201.232.185;port=3306;dbname=zerg;charset=utf8
[ sql ] [ SQL ] SHOW COLUMNS FROM `banner` [ RunTime:0.000869s ]
[ sql ] [ SQL ] SELECT * FROM `banner` WHERE  `id` = 1 LIMIT 1 [ RunTime:0.000518s ]
[ sql ] [ SQL ] SHOW COLUMNS FROM `banner_item` [ RunTime:0.000742s ]
[ sql ] [ SQL ] SELECT * FROM `banner_item` WHERE  `banner_id` = 1 [ RunTime:0.000421s ]
[ sql ] [ SQL ] SELECT * FROM `banner_item` WHERE  `banner_id` = 1 [ RunTime:0.000422s ]
[ sql ] [ SQL ] SHOW COLUMNS FROM `image` [ RunTime:0.000697s ]
[ sql ] [ SQL ] SELECT * FROM `image` WHERE  `id` IN (65,2,3,1) [ RunTime:0.000629s ]
---------------------------------------------------------------
[ 2018-05-19T20:25:03+08:00 ] 117.136.0.229 GET /zerg/public/index.php/api/v1/banner/1
[ info ] weapp.wample.cn/zerg/public/index.php/api/v1/banner/1 [运行时间：0.038087s][吞吐率：26.26req/s] [内存消耗：3,555.73kb] [文件加载：52]
[ sql ] [ DB ] CONNECT:[ UseTime:0.000783s ] mysql:host=101.201.232.185;port=3306;dbname=zerg;charset=utf8
[ sql ] [ SQL ] SHOW COLUMNS FROM `banner` [ RunTime:0.000890s ]
[ sql ] [ SQL ] SELECT * FROM `banner` WHERE  `id` = 1 LIMIT 1 [ RunTime:0.000456s ]
[ sql ] [ SQL ] SHOW COLUMNS FROM `banner_item` [ RunTime:0.000864s ]
[ sql ] [ SQL ] SELECT * FROM `banner_item` WHERE  `banner_id` = 1 [ RunTime:0.000416s ]
[ sql ] [ SQL ] SELECT * FROM `banner_item` WHERE  `banner_id` = 1 [ RunTime:0.000433s ]
[ sql ] [ SQL ] SHOW COLUMNS FROM `image` [ RunTime:0.000716s ]
[ sql ] [ SQL ] SELECT * FROM `image` WHERE  `id` IN (65,2,3,1) [ RunTime:0.000441s ]
---------------------------------------------------------------
[ 2018-05-19T20:33:09+08:00 ] 117.136.0.229 GET /zerg/public/index.php/api/v1/banner/1
[ info ] weapp.wample.cn/zerg/public/index.php/api/v1/banner/1 [运行时间：0.036760s][吞吐率：27.20req/s] [内存消耗：3,555.61kb] [文件加载：52]
[ sql ] [ DB ] CONNECT:[ UseTime:0.000713s ] mysql:host=101.201.232.185;port=3306;dbname=zerg;charset=utf8
[ sql ] [ SQL ] SHOW COLUMNS FROM `banner` [ RunTime:0.000873s ]
[ sql ] [ SQL ] SELECT * FROM `banner` WHERE  `id` = 1 LIMIT 1 [ RunTime:0.000440s ]
[ sql ] [ SQL ] SHOW COLUMNS FROM `banner_item` [ RunTime:0.000742s ]
[ sql ] [ SQL ] SELECT * FROM `banner_item` WHERE  `banner_id` = 1 [ RunTime:0.000412s ]
[ sql ] [ SQL ] SELECT * FROM `banner_item` WHERE  `banner_id` = 1 [ RunTime:0.000393s ]
[ sql ] [ SQL ] SHOW COLUMNS FROM `image` [ RunTime:0.000696s ]
[ sql ] [ SQL ] SELECT * FROM `image` WHERE  `id` IN (65,2,3,1) [ RunTime:0.000416s ]
---------------------------------------------------------------
[ 2018-05-19T20:33:38+08:00 ] 117.136.0.229 GET /zerg/public/index.php/api/v1/banner/1
[ info ] weapp.wample.cn/zerg/public/index.php/api/v1/banner/1 [运行时间：0.038551s][吞吐率：25.94req/s] [内存消耗：3,555.61kb] [文件加载：52]
[ sql ] [ DB ] CONNECT:[ UseTime:0.000892s ] mysql:host=101.201.232.185;port=3306;dbname=zerg;charset=utf8
[ sql ] [ SQL ] SHOW COLUMNS FROM `banner` [ RunTime:0.000893s ]
[ sql ] [ SQL ] SELECT * FROM `banner` WHERE  `id` = 1 LIMIT 1 [ RunTime:0.000507s ]
[ sql ] [ SQL ] SHOW COLUMNS FROM `banner_item` [ RunTime:0.000743s ]
[ sql ] [ SQL ] SELECT * FROM `banner_item` WHERE  `banner_id` = 1 [ RunTime:0.000433s ]
[ sql ] [ SQL ] SELECT * FROM `banner_item` WHERE  `banner_id` = 1 [ RunTime:0.000442s ]
[ sql ] [ SQL ] SHOW COLUMNS FROM `image` [ RunTime:0.000704s ]
[ sql ] [ SQL ] SELECT * FROM `image` WHERE  `id` IN (65,2,3,1) [ RunTime:0.000412s ]
---------------------------------------------------------------
[ 2018-05-19T20:45:59+08:00 ] 117.136.0.229 GET /zerg/public/index.php/api/v1/banner/1
[ info ] weapp.wample.cn/zerg/public/index.php/api/v1/banner/1 [运行时间：0.050251s][吞吐率：19.90req/s] [内存消耗：3,600.42kb] [文件加载：53]
[ sql ] [ DB ] CONNECT:[ UseTime:0.012108s ] mysql:host=101.201.232.185;port=3306;dbname=zerg;charset=utf8
[ sql ] [ SQL ] SHOW COLUMNS FROM `banner` [ RunTime:0.001968s ]
[ sql ] [ SQL ] SELECT * FROM `banner` WHERE  `id` = 1 LIMIT 1 [ RunTime:0.000461s ]
[ sql ] [ SQL ] SHOW COLUMNS FROM `banner_item` [ RunTime:0.000738s ]
[ sql ] [ SQL ] SELECT * FROM `banner_item` WHERE  `banner_id` = 1 [ RunTime:0.000423s ]
[ sql ] [ SQL ] SELECT * FROM `banner_item` WHERE  `banner_id` = 1 [ RunTime:0.000461s ]
[ sql ] [ SQL ] SHOW COLUMNS FROM `image` [ RunTime:0.000725s ]
[ sql ] [ SQL ] SELECT * FROM `image` WHERE  `id` IN (65,2,3,1) [ RunTime:0.000424s ]
---------------------------------------------------------------
[ 2018-05-19T20:48:26+08:00 ] 117.136.0.229 GET /zerg/public/index.php/api/v1/banner/1
[ info ] weapp.wample.cn/zerg/public/index.php/api/v1/banner/1 [运行时间：0.037121s][吞吐率：26.94req/s] [内存消耗：3,600.44kb] [文件加载：53]
[ sql ] [ DB ] CONNECT:[ UseTime:0.000842s ] mysql:host=101.201.232.185;port=3306;dbname=zerg;charset=utf8
[ sql ] [ SQL ] SHOW COLUMNS FROM `banner` [ RunTime:0.000987s ]
[ sql ] [ SQL ] SELECT * FROM `banner` WHERE  `id` = 1 LIMIT 1 [ RunTime:0.000456s ]
[ sql ] [ SQL ] SHOW COLUMNS FROM `banner_item` [ RunTime:0.000752s ]
[ sql ] [ SQL ] SELECT * FROM `banner_item` WHERE  `banner_id` = 1 [ RunTime:0.000545s ]
[ sql ] [ SQL ] SELECT * FROM `banner_item` WHERE  `banner_id` = 1 [ RunTime:0.000429s ]
[ sql ] [ SQL ] SHOW COLUMNS FROM `image` [ RunTime:0.000718s ]
[ sql ] [ SQL ] SELECT * FROM `image` WHERE  `id` IN (65,2,3,1) [ RunTime:0.000434s ]
---------------------------------------------------------------
[ 2018-05-19T20:50:53+08:00 ] 117.136.0.229 GET /zerg/public/index.php/api/v1/banner/1
[ info ] weapp.wample.cn/zerg/public/index.php/api/v1/banner/1 [运行时间：0.037411s][吞吐率：26.73req/s] [内存消耗：3,601.61kb] [文件加载：53]
[ sql ] [ DB ] CONNECT:[ UseTime:0.000902s ] mysql:host=101.201.232.185;port=3306;dbname=zerg;charset=utf8
[ sql ] [ SQL ] SHOW COLUMNS FROM `banner` [ RunTime:0.000869s ]
[ sql ] [ SQL ] SELECT * FROM `banner` WHERE  `id` = 1 LIMIT 1 [ RunTime:0.000455s ]
[ sql ] [ SQL ] SHOW COLUMNS FROM `banner_item` [ RunTime:0.000728s ]
[ sql ] [ SQL ] SELECT * FROM `banner_item` WHERE  `banner_id` = 1 [ RunTime:0.000437s ]
[ sql ] [ SQL ] SELECT * FROM `banner_item` WHERE  `banner_id` = 1 [ RunTime:0.000574s ]
[ sql ] [ SQL ] SHOW COLUMNS FROM `image` [ RunTime:0.000725s ]
[ sql ] [ SQL ] SELECT * FROM `image` WHERE  `id` IN (65,2,3,1) [ RunTime:0.000434s ]
---------------------------------------------------------------
[ 2018-05-19T20:57:11+08:00 ] 117.136.0.229 GET /zerg/public/index.php/api/v1/banner/1
[ info ] weapp.wample.cn/zerg/public/index.php/api/v1/banner/1 [运行时间：0.037624s][吞吐率：26.58req/s] [内存消耗：3,602.08kb] [文件加载：53]
[ sql ] [ DB ] CONNECT:[ UseTime:0.000818s ] mysql:host=101.201.232.185;port=3306;dbname=zerg;charset=utf8
[ sql ] [ SQL ] SHOW COLUMNS FROM `banner` [ RunTime:0.000898s ]
[ sql ] [ SQL ] SELECT * FROM `banner` WHERE  `id` = 1 LIMIT 1 [ RunTime:0.000438s ]
[ sql ] [ SQL ] SHOW COLUMNS FROM `banner_item` [ RunTime:0.000757s ]
[ sql ] [ SQL ] SELECT * FROM `banner_item` WHERE  `banner_id` = 1 [ RunTime:0.000449s ]
[ sql ] [ SQL ] SELECT * FROM `banner_item` WHERE  `banner_id` = 1 [ RunTime:0.000431s ]
[ sql ] [ SQL ] SHOW COLUMNS FROM `image` [ RunTime:0.000725s ]
[ sql ] [ SQL ] SELECT * FROM `image` WHERE  `id` IN (65,2,3,1) [ RunTime:0.000452s ]
---------------------------------------------------------------
[ 2018-05-19T20:58:38+08:00 ] 117.136.0.229 GET /zerg/public/index.php/api/v1/banner/1
[ info ] weapp.wample.cn/zerg/public/index.php/api/v1/banner/1 [运行时间：0.037169s][吞吐率：26.90req/s] [内存消耗：3,601.82kb] [文件加载：53]
[ sql ] [ DB ] CONNECT:[ UseTime:0.000736s ] mysql:host=101.201.232.185;port=3306;dbname=zerg;charset=utf8
[ sql ] [ SQL ] SHOW COLUMNS FROM `banner` [ RunTime:0.000892s ]
[ sql ] [ SQL ] SELECT * FROM `banner` WHERE  `id` = 1 LIMIT 1 [ RunTime:0.000456s ]
[ sql ] [ SQL ] SHOW COLUMNS FROM `banner_item` [ RunTime:0.000733s ]
[ sql ] [ SQL ] SELECT * FROM `banner_item` WHERE  `banner_id` = 1 [ RunTime:0.000415s ]
[ sql ] [ SQL ] SELECT * FROM `banner_item` WHERE  `banner_id` = 1 [ RunTime:0.000454s ]
[ sql ] [ SQL ] SHOW COLUMNS FROM `image` [ RunTime:0.000737s ]
[ sql ] [ SQL ] SELECT * FROM `image` WHERE  `id` IN (65,2,3,1) [ RunTime:0.000414s ]
---------------------------------------------------------------
[ 2018-05-19T21:09:38+08:00 ] 117.136.0.229 GET /zerg/public/index.php/api/v1/banner/1
[ info ] weapp.wample.cn/zerg/public/index.php/api/v1/banner/1 [运行时间：0.038369s][吞吐率：26.06req/s] [内存消耗：3,601.82kb] [文件加载：53]
[ sql ] [ DB ] CONNECT:[ UseTime:0.001279s ] mysql:host=101.201.232.185;port=3306;dbname=zerg;charset=utf8
[ sql ] [ SQL ] SHOW COLUMNS FROM `banner` [ RunTime:0.001756s ]
[ sql ] [ SQL ] SELECT * FROM `banner` WHERE  `id` = 1 LIMIT 1 [ RunTime:0.000458s ]
[ sql ] [ SQL ] SHOW COLUMNS FROM `banner_item` [ RunTime:0.000769s ]
[ sql ] [ SQL ] SELECT * FROM `banner_item` WHERE  `banner_id` = 1 [ RunTime:0.000433s ]
[ sql ] [ SQL ] SELECT * FROM `banner_item` WHERE  `banner_id` = 1 [ RunTime:0.000423s ]
[ sql ] [ SQL ] SHOW COLUMNS FROM `image` [ RunTime:0.000736s ]
[ sql ] [ SQL ] SELECT * FROM `image` WHERE  `id` IN (65,2,3,1) [ RunTime:0.000422s ]
---------------------------------------------------------------
[ 2018-05-19T21:11:43+08:00 ] 117.136.0.229 GET /zerg/public/index.php/api/v1/banner/1
[ info ] weapp.wample.cn/zerg/public/index.php/api/v1/banner/1 [运行时间：0.038036s][吞吐率：26.29req/s] [内存消耗：3,602.47kb] [文件加载：53]
[ sql ] [ DB ] CONNECT:[ UseTime:0.000751s ] mysql:host=101.201.232.185;port=3306;dbname=zerg;charset=utf8
[ sql ] [ SQL ] SHOW COLUMNS FROM `banner` [ RunTime:0.000915s ]
[ sql ] [ SQL ] SELECT * FROM `banner` WHERE  `id` = 1 LIMIT 1 [ RunTime:0.000467s ]
[ sql ] [ SQL ] SHOW COLUMNS FROM `banner_item` [ RunTime:0.000747s ]
[ sql ] [ SQL ] SELECT * FROM `banner_item` WHERE  `banner_id` = 1 [ RunTime:0.000419s ]
[ sql ] [ SQL ] SELECT * FROM `banner_item` WHERE  `banner_id` = 1 [ RunTime:0.000439s ]
[ sql ] [ SQL ] SHOW COLUMNS FROM `image` [ RunTime:0.000724s ]
[ sql ] [ SQL ] SELECT * FROM `image` WHERE  `id` IN (65,2,3,1) [ RunTime:0.000424s ]
---------------------------------------------------------------
[ 2018-05-19T21:12:28+08:00 ] 117.136.0.229 GET /zerg/public/index.php/api/v1/banner/1
[ info ] weapp.wample.cn/zerg/public/index.php/api/v1/banner/1 [运行时间：0.038107s][吞吐率：26.24req/s] [内存消耗：3,603.05kb] [文件加载：53]
[ sql ] [ DB ] CONNECT:[ UseTime:0.000759s ] mysql:host=101.201.232.185;port=3306;dbname=zerg;charset=utf8
[ sql ] [ SQL ] SHOW COLUMNS FROM `banner` [ RunTime:0.000942s ]
[ sql ] [ SQL ] SELECT * FROM `banner` WHERE  `id` = 1 LIMIT 1 [ RunTime:0.000482s ]
[ sql ] [ SQL ] SHOW COLUMNS FROM `banner_item` [ RunTime:0.000738s ]
[ sql ] [ SQL ] SELECT * FROM `banner_item` WHERE  `banner_id` = 1 [ RunTime:0.000441s ]
[ sql ] [ SQL ] SELECT * FROM `banner_item` WHERE  `banner_id` = 1 [ RunTime:0.000420s ]
[ sql ] [ SQL ] SHOW COLUMNS FROM `image` [ RunTime:0.000778s ]
[ sql ] [ SQL ] SELECT * FROM `image` WHERE  `id` IN (65,2,3,1) [ RunTime:0.000537s ]
